#
# A fatal error has been detected by the Java Runtime Environment:
#
#  EXCEPTION_ACCESS_VIOLATION (0xc0000005) at pc=0x00000000635468e8, pid=1724, tid=4092
#
# JRE version: Java(TM) SE Runtime Environment (8.0_05-b13) (build 1.8.0_05-b13)
# Java VM: Java HotSpot(TM) 64-Bit Server VM (25.5-b02 mixed mode windows-amd64 compressed oops)
# Problematic frame:
# V  [jvm.dll+0x1268e8]
#
# Failed to write core dump. Minidumps are not enabled by default on client versions of Windows
#
# If you would like to submit a bug report, please visit:
#   http://bugreport.sun.com/bugreport/crash.jsp
#

---------------  T H R E A D  ---------------

Current thread (0x000000000211e000):  GCTaskThread [stack: 0x0000000012200000,0x0000000012300000] [id=4092]

siginfo: ExceptionCode=0xc0000005, reading address 0xffffffffffffffff

Registers:
RAX=0x0000000012570000, RBX=0x0000000000000107, RCX=0x0000000000000000, RDX=0x0000000000000001
RSP=0x00000000122ff3c0, RBP=0x0000000056102700, RSI=0x00000000a16e22bc, RDI=0x0000000000000008
R8 =0x007fffffffaf9000, R9 =0x0000000000000000, R10=0x000000000000000c, R11=0x0000000000000000
R12=0x00000000a16e22d8, R13=0x000000000000000a, R14=0x00000000a16e22a0, R15=0x000000000000000a
RIP=0x00000000635468e8, EFLAGS=0x0000000000010202

Top of Stack: (sp=0x00000000122ff3c0)
0x00000000122ff3c0:   00000000a16e22a0 0000000063521036
0x00000000122ff3d0:   00000000a16e22a0 00000000a16e229c
0x00000000122ff3e0:   0000000056102700 0000000063546a03
0x00000000122ff3f0:   0000000000000000 000000000211e9c0
0x00000000122ff400:   000000000211c4b0 00000000122ff529
0x00000000122ff410:   0000000000000107 00000000637e7920
0x00000000122ff420:   0000000056102700 0000000056102700
0x00000000122ff430:   0000000063a29678 0000000063a29678
0x00000000122ff440:   0000000063bd13b0 0000000000000004
0x00000000122ff450:   0000000000000000 0000000000000006
0x00000000122ff460:   0000000063a29678 000000006351fbf5
0x00000000122ff470:   00000000568607d8 00000000122ff529
0x00000000122ff480:   0000000000000000 000000000211c4b0
0x00000000122ff490:   000000000211e9d0 000000000211e9c0
0x00000000122ff4a0:   0000000063a29678 0000000056102700
0x00000000122ff4b0:   0000000000000000 00000000122ff529 

Instructions: (pc=0x00000000635468e8)
0x00000000635468c8:   05 e3 aa 68 00 49 c1 e8 03 49 d3 e8 41 0f b6 c0
0x00000000635468d8:   49 c1 e8 06 24 3f 0f b6 d0 48 8b 05 f8 aa 68 00
0x00000000635468e8:   4a 8b 0c c0 48 0f a3 d1 72 3e 48 8b cf e8 46 23
0x00000000635468f8:   fd ff 84 c0 74 32 48 8b d7 48 8b cd e8 77 f0 fc 


Register to memory mapping:

RAX=0x0000000012570000 is an unknown value
RBX=0x0000000000000107 is an unknown value
RCX=0x0000000000000000 is an unknown value
RDX=0x0000000000000001 is an unknown value
RSP=0x00000000122ff3c0 is an unknown value
RBP=0x0000000056102700 is an unknown value
RSI=0x00000000a16e22bc is pointing into object: 0x00000000a16e22a0
[Ljava.lang.Object; 
 - klass: 'java/lang/Object'[]
 - length: 10
RDI=0x0000000000000008 is an unknown value
R8 =0x007fffffffaf9000 is an unknown value
R9 =0x0000000000000000 is an unknown value
R10=0x000000000000000c is an unknown value
R11=0x0000000000000000 is an unknown value
R12=0x00000000a16e22d8 is an oop
org.apache.maven.artifact.repository.MavenArtifactRepository 
 - klass: 'org/apache/maven/artifact/repository/MavenArtifactRepository'
R13=0x000000000000000a is an unknown value
R14=0x00000000a16e22a0 is an oop
[Ljava.lang.Object; 
 - klass: 'java/lang/Object'[]
 - length: 10
R15=0x000000000000000a is an unknown value


Stack: [0x0000000012200000,0x0000000012300000],  sp=0x00000000122ff3c0,  free space=1020k
Native frames: (J=compiled Java code, j=interpreted, Vv=VM code, C=native code)
V  [jvm.dll+0x1268e8]
V  [jvm.dll+0x3c7920]
V  [jvm.dll+0x3c4a31]
V  [jvm.dll+0x3c253e]
V  [jvm.dll+0x27baca]
C  [msvcr100.dll+0x21d9f]
C  [msvcr100.dll+0x21e3b]
C  [kernel32.dll+0x1f33d]
C  [ntdll.dll+0x32cc1]


---------------  P R O C E S S  ---------------

Java Threads: ( => current thread )
  0x0000000057659800 JavaThread "Service Thread" daemon [_thread_blocked, id=4972, stack(0x0000000058310000,0x0000000058410000)]
  0x00000000561fb000 JavaThread "C1 CompilerThread2" daemon [_thread_blocked, id=4732, stack(0x00000000581f0000,0x00000000582f0000)]
  0x00000000561f9000 JavaThread "C2 CompilerThread1" daemon [_thread_blocked, id=5356, stack(0x00000000580b0000,0x00000000581b0000)]
  0x00000000575e7000 JavaThread "C2 CompilerThread0" daemon [_thread_in_native, id=3480, stack(0x0000000057f30000,0x0000000058030000)]
  0x00000000561f5800 JavaThread "Attach Listener" daemon [_thread_blocked, id=4788, stack(0x0000000057d70000,0x0000000057e70000)]
  0x00000000561f4000 JavaThread "Signal Dispatcher" daemon [_thread_blocked, id=3748, stack(0x0000000057b80000,0x0000000057c80000)]
  0x0000000056194800 JavaThread "Finalizer" daemon [_thread_blocked, id=2256, stack(0x00000000573e0000,0x00000000574e0000)]
  0x0000000056189800 JavaThread "Reference Handler" daemon [_thread_blocked, id=4068, stack(0x00000000574e0000,0x00000000575e0000)]
  0x0000000002108000 JavaThread "main" [_thread_blocked, id=1656, stack(0x0000000002510000,0x0000000002610000)]

Other Threads:
  0x0000000056186000 VMThread [stack: 0x00000000572a0000,0x00000000573a0000] [id=5968]
  0x000000005765c800 WatcherThread [stack: 0x00000000584f0000,0x00000000585f0000] [id=4848]

=>0x000000000211e000 (exited) GCTaskThread [stack: 0x0000000012200000,0x0000000012300000] [id=4092]

VM state:at safepoint (normal execution)

VM Mutex/Monitor currently owned by a thread:  ([mutex/lock_event])
[0x000000000221da00] Threads_lock - owner thread: 0x0000000056186000
[0x000000000221df00] Heap_lock - owner thread: 0x0000000002108000

Heap:
 PSYoungGen      total 180224K, used 7853K [0x00000000e0500000, 0x00000000ecc80000, 0x0000000100000000)
  eden space 159232K, 0% used [0x00000000e0500000,0x00000000e0500000,0x00000000ea080000)
  from space 20992K, 37% used [0x00000000eb800000,0x00000000ebfab660,0x00000000ecc80000)
  to   space 22528K, 0% used [0x00000000ea080000,0x00000000ea080000,0x00000000eb680000)
 ParOldGen       total 66048K, used 65941K [0x00000000a0e00000, 0x00000000a4e80000, 0x00000000e0500000)
  object space 66048K, 99% used [0x00000000a0e00000,0x00000000a4e65700,0x00000000a4e80000)
 Metaspace       used 25086K, capacity 25768K, committed 25984K, reserved 1073152K
  class space    used 2947K, capacity 3116K, committed 3200K, reserved 1048576K

Card table byte_map: [0x0000000011ca0000,0x0000000011fa0000] byte_map_base: 0x0000000011799000

Marking Bits: (ParMarkBitMap*) 0x0000000063bd13b0
 Begin Bits: [0x0000000012570000, 0x0000000013d38000)
 End Bits:   [0x0000000013d38000, 0x0000000015500000)

Polling page: 0x0000000000220000

CodeCache: size=245760Kb used=18823Kb max_used=18839Kb free=226936Kb
 bounds [0x00000000028e0000, 0x0000000003b60000, 0x00000000118e0000]
 total_blobs=6555 nmethods=6160 adapters=308
 compilation: enabled

Compilation events (10 events):
Event: 31.427 Thread 0x00000000561fb000 nmethod 6676 0x0000000003b4aed0 code [0x0000000003b4b040, 0x0000000003b4b1c8]
Event: 31.455 Thread 0x00000000561fb000 6677   !   3       java.util.Calendar::createCalendar (287 bytes)
Event: 31.460 Thread 0x00000000561fb000 nmethod 6677 0x0000000003b4b250 code [0x0000000003b4b520, 0x0000000003b4cb38]
Event: 31.460 Thread 0x00000000561fb000 6679       3       org.apache.commons.compress.archivers.zip.GeneralPurposeBit::encode (59 bytes)
Event: 31.461 Thread 0x00000000561fb000 nmethod 6679 0x0000000003b4d210 code [0x0000000003b4d380, 0x0000000003b4d730]
Event: 31.461 Thread 0x00000000561fb000 6678   !   3       java.util.zip.Deflater::deflate (140 bytes)
Event: 31.463 Thread 0x00000000561fb000 nmethod 6678 0x0000000003b4ed10 code [0x0000000003b4eee0, 0x0000000003b4f688]
Event: 31.465 Thread 0x00000000561fb000 6680       3       java.util.Properties::saveConvert (434 bytes)
Event: 31.467 Thread 0x00000000561f9000 nmethod 6590 0x0000000003b52510 code [0x0000000003b527a0, 0x0000000003b53a20]
Event: 31.468 Thread 0x00000000561f9000 6668       4       com.sun.tools.javac.jvm.ClassFile::externalize (51 bytes)

GC Heap History (10 events):
Event: 21.388 GC heap after
Heap after GC invocations=24 (full 1):
 PSYoungGen      total 146432K, used 14328K [0x00000000e0500000, 0x00000000ecc00000, 0x0000000100000000)
  eden space 132096K, 0% used [0x00000000e0500000,0x00000000e0500000,0x00000000e8600000)
  from space 14336K, 99% used [0x00000000e8600000,0x00000000e93fe190,0x00000000e9400000)
  to   space 17920K, 0% used [0x00000000eba80000,0x00000000eba80000,0x00000000ecc00000)
 ParOldGen       total 53760K, used 47344K [0x00000000a0e00000, 0x00000000a4280000, 0x00000000e0500000)
  object space 53760K, 88% used [0x00000000a0e00000,0x00000000a3c3c2e8,0x00000000a4280000)
 Metaspace       used 24171K, capacity 24738K, committed 24832K, reserved 1071104K
  class space    used 2901K, capacity 3070K, committed 3072K, reserved 1048576K
}
Event: 21.388 GC heap before
{Heap before GC invocations=25 (full 2):
 PSYoungGen      total 146432K, used 14328K [0x00000000e0500000, 0x00000000ecc00000, 0x0000000100000000)
  eden space 132096K, 0% used [0x00000000e0500000,0x00000000e0500000,0x00000000e8600000)
  from space 14336K, 99% used [0x00000000e8600000,0x00000000e93fe190,0x00000000e9400000)
  to   space 17920K, 0% used [0x00000000eba80000,0x00000000eba80000,0x00000000ecc00000)
 ParOldGen       total 53760K, used 47344K [0x00000000a0e00000, 0x00000000a4280000, 0x00000000e0500000)
  object space 53760K, 88% used [0x00000000a0e00000,0x00000000a3c3c2e8,0x00000000a4280000)
 Metaspace       used 24171K, capacity 24738K, committed 24832K, reserved 1071104K
  class space    used 2901K, capacity 3070K, committed 3072K, reserved 1048576K
Event: 23.139 GC heap after
Heap after GC invocations=25 (full 2):
 PSYoungGen      total 146432K, used 2533K [0x00000000e0500000, 0x00000000ecc00000, 0x0000000100000000)
  eden space 132096K, 0% used [0x00000000e0500000,0x00000000e0500000,0x00000000e8600000)
  from space 14336K, 17% used [0x00000000e8600000,0x00000000e88797b8,0x00000000e9400000)
  to   space 17920K, 0% used [0x00000000eba80000,0x00000000eba80000,0x00000000ecc00000)
 ParOldGen       total 64512K, used 53588K [0x00000000a0e00000, 0x00000000a4d00000, 0x00000000e0500000)
  object space 64512K, 83% used [0x00000000a0e00000,0x00000000a4255120,0x00000000a4d00000)
 Metaspace       used 24156K, capacity 24720K, committed 24832K, reserved 1071104K
  class space    used 2900K, capacity 3068K, committed 3072K, reserved 1048576K
}
Event: 25.880 GC heap before
{Heap before GC invocations=26 (full 2):
 PSYoungGen      total 146432K, used 134629K [0x00000000e0500000, 0x00000000ecc00000, 0x0000000100000000)
  eden space 132096K, 100% used [0x00000000e0500000,0x00000000e8600000,0x00000000e8600000)
  from space 14336K, 17% used [0x00000000e8600000,0x00000000e88797b8,0x00000000e9400000)
  to   space 17920K, 0% used [0x00000000eba80000,0x00000000eba80000,0x00000000ecc00000)
 ParOldGen       total 64512K, used 53588K [0x00000000a0e00000, 0x00000000a4d00000, 0x00000000e0500000)
  object space 64512K, 83% used [0x00000000a0e00000,0x00000000a4255120,0x00000000a4d00000)
 Metaspace       used 24550K, capacity 25142K, committed 25472K, reserved 1071104K
  class space    used 2931K, capacity 3101K, committed 3200K, reserved 1048576K
Event: 26.032 GC heap after
Heap after GC invocations=26 (full 2):
 PSYoungGen      total 163840K, used 16209K [0x00000000e0500000, 0x00000000eca80000, 0x0000000100000000)
  eden space 147456K, 0% used [0x00000000e0500000,0x00000000e0500000,0x00000000e9500000)
  from space 16384K, 98% used [0x00000000eba80000,0x00000000eca54520,0x00000000eca80000)
  to   space 20480K, 0% used [0x00000000ea280000,0x00000000ea280000,0x00000000eb680000)
 ParOldGen       total 64512K, used 55750K [0x00000000a0e00000, 0x00000000a4d00000, 0x00000000e0500000)
  object space 64512K, 86% used [0x00000000a0e00000,0x00000000a4471b68,0x00000000a4d00000)
 Metaspace       used 24550K, capacity 25142K, committed 25472K, reserved 1071104K
  class space    used 2931K, capacity 3101K, committed 3200K, reserved 1048576K
}
Event: 28.948 GC heap before
{Heap before GC invocations=27 (full 2):
 PSYoungGen      total 163840K, used 163665K [0x00000000e0500000, 0x00000000eca80000, 0x0000000100000000)
  eden space 147456K, 100% used [0x00000000e0500000,0x00000000e9500000,0x00000000e9500000)
  from space 16384K, 98% used [0x00000000eba80000,0x00000000eca54520,0x00000000eca80000)
  to   space 20480K, 0% used [0x00000000ea280000,0x00000000ea280000,0x00000000eb680000)
 ParOldGen       total 64512K, used 55750K [0x00000000a0e00000, 0x00000000a4d00000, 0x00000000e0500000)
  object space 64512K, 86% used [0x00000000a0e00000,0x00000000a4471b68,0x00000000a4d00000)
 Metaspace       used 24820K, capacity 25446K, committed 25728K, reserved 1071104K
  class space    used 2942K, capacity 3107K, committed 3200K, reserved 1048576K
Event: 29.018 GC heap after
Heap after GC invocations=27 (full 2):
 PSYoungGen      total 179712K, used 20461K [0x00000000e0500000, 0x00000000ecf80000, 0x0000000100000000)
  eden space 159232K, 0% used [0x00000000e0500000,0x00000000e0500000,0x00000000ea080000)
  from space 20480K, 99% used [0x00000000ea280000,0x00000000eb67b518,0x00000000eb680000)
  to   space 24064K, 0% used [0x00000000eb800000,0x00000000eb800000,0x00000000ecf80000)
 ParOldGen       total 64512K, used 55782K [0x00000000a0e00000, 0x00000000a4d00000, 0x00000000e0500000)
  object space 64512K, 86% used [0x00000000a0e00000,0x00000000a4479b68,0x00000000a4d00000)
 Metaspace       used 24820K, capacity 25446K, committed 25728K, reserved 1071104K
  class space    used 2942K, capacity 3107K, committed 3200K, reserved 1048576K
}
Event: 31.476 GC heap before
{Heap before GC invocations=28 (full 2):
 PSYoungGen      total 179712K, used 153562K [0x00000000e0500000, 0x00000000ecf80000, 0x0000000100000000)
  eden space 159232K, 83% used [0x00000000e0500000,0x00000000e86fb4b8,0x00000000ea080000)
  from space 20480K, 99% used [0x00000000ea280000,0x00000000eb67b518,0x00000000eb680000)
  to   space 24064K, 0% used [0x00000000eb800000,0x00000000eb800000,0x00000000ecf80000)
 ParOldGen       total 64512K, used 55782K [0x00000000a0e00000, 0x00000000a4d00000, 0x00000000e0500000)
  object space 64512K, 86% used [0x00000000a0e00000,0x00000000a4479b68,0x00000000a4d00000)
 Metaspace       used 25086K, capacity 25768K, committed 25984K, reserved 1073152K
  class space    used 2947K, capacity 3116K, committed 3200K, reserved 1048576K
Event: 31.574 GC heap after
Heap after GC invocations=28 (full 2):
 PSYoungGen      total 180224K, used 7853K [0x00000000e0500000, 0x00000000ecc80000, 0x0000000100000000)
  eden space 159232K, 0% used [0x00000000e0500000,0x00000000e0500000,0x00000000ea080000)
  from space 20992K, 37% used [0x00000000eb800000,0x00000000ebfab660,0x00000000ecc80000)
  to   space 22528K, 0% used [0x00000000ea080000,0x00000000ea080000,0x00000000eb680000)
 ParOldGen       total 66048K, used 65941K [0x00000000a0e00000, 0x00000000a4e80000, 0x00000000e0500000)
  object space 66048K, 99% used [0x00000000a0e00000,0x00000000a4e65700,0x00000000a4e80000)
 Metaspace       used 25086K, capacity 25768K, committed 25984K, reserved 1073152K
  class space    used 2947K, capacity 3116K, committed 3200K, reserved 1048576K
}
Event: 31.574 GC heap before
{Heap before GC invocations=29 (full 3):
 PSYoungGen      total 180224K, used 7853K [0x00000000e0500000, 0x00000000ecc80000, 0x0000000100000000)
  eden space 159232K, 0% used [0x00000000e0500000,0x00000000e0500000,0x00000000ea080000)
  from space 20992K, 37% used [0x00000000eb800000,0x00000000ebfab660,0x00000000ecc80000)
  to   space 22528K, 0% used [0x00000000ea080000,0x00000000ea080000,0x00000000eb680000)
 ParOldGen       total 66048K, used 65941K [0x00000000a0e00000, 0x00000000a4e80000, 0x00000000e0500000)
  object space 66048K, 99% used [0x00000000a0e00000,0x00000000a4e65700,0x00000000a4e80000)
 Metaspace       used 25086K, capacity 25768K, committed 25984K, reserved 1073152K
  class space    used 2947K, capacity 3116K, committed 3200K, reserved 1048576K

Deoptimization events (10 events):
Event: 17.145 Thread 0x0000000002108000 Uncommon trap: reason=bimorphic action=maybe_recompile pc=0x0000000002d91ed4 method=java.lang.ClassLoader.loadClass(Ljava/lang/String;Z)Ljava/lang/Class; @ 38
Event: 17.147 Thread 0x0000000002108000 Uncommon trap: reason=bimorphic action=maybe_recompile pc=0x0000000002d91ed4 method=java.lang.ClassLoader.loadClass(Ljava/lang/String;Z)Ljava/lang/Class; @ 38
Event: 17.147 Thread 0x0000000002108000 Uncommon trap: reason=bimorphic action=maybe_recompile pc=0x0000000002d91ed4 method=java.lang.ClassLoader.loadClass(Ljava/lang/String;Z)Ljava/lang/Class; @ 38
Event: 17.147 Thread 0x0000000002108000 Uncommon trap: reason=bimorphic action=maybe_recompile pc=0x0000000002d91ed4 method=java.lang.ClassLoader.loadClass(Ljava/lang/String;Z)Ljava/lang/Class; @ 38
Event: 18.286 Thread 0x0000000002108000 Uncommon trap: reason=unloaded action=reinterpret pc=0x000000000332d944 method=org.apache.maven.model.validation.DefaultModelValidator.validateEffectiveDependency(Lorg/apache/maven/model/building/ModelProblemCollector;Lorg/apache/maven/model/Dependency;ZLj
Event: 18.639 Thread 0x0000000002108000 Uncommon trap: reason=unloaded action=reinterpret pc=0x00000000031777ac method=org.apache.maven.artifact.versioning.DefaultArtifactVersion.getNextIntegerToken(Ljava/util/StringTokenizer;)Ljava/lang/Integer; @ 26
Event: 24.385 Thread 0x0000000002108000 Uncommon trap: reason=null_check action=make_not_entrant pc=0x00000000038359b0 method=java.lang.Integer.equals(Ljava/lang/Object;)Z @ 1
Event: 27.508 Thread 0x0000000002108000 Uncommon trap: reason=range_check action=make_not_entrant pc=0x000000000395d128 method=java.lang.String.charAt(I)C @ 27
Event: 29.758 Thread 0x0000000002108000 Uncommon trap: reason=unloaded action=reinterpret pc=0x00000000030af47c method=com.sun.tools.javac.jvm.ClassReader.readPool(I)Ljava/lang/Object; @ 396
Event: 29.797 Thread 0x0000000002108000 Uncommon trap: reason=unreached action=reinterpret pc=0x0000000002e12dbc method=com.sun.tools.javac.code.Scope.lookup(Lcom/sun/tools/javac/util/Name;Lcom/sun/tools/javac/util/Filter;)Lcom/sun/tools/javac/code/Scope$Entry; @ 19

Internal exceptions (10 events):
Event: 31.412 Thread 0x0000000002108000 Exception <a 'java/security/PrivilegedActionException'> (0x00000000e825bca8) thrown at [D:\re\workspace\8-2-build-windows-amd64-cygwin\jdk8u5\2488\hotspot\src\share\vm\prims\jvm.cpp, line 1248]
Event: 31.412 Thread 0x0000000002108000 Exception <a 'java/security/PrivilegedActionException'> (0x00000000e825c560) thrown at [D:\re\workspace\8-2-build-windows-amd64-cygwin\jdk8u5\2488\hotspot\src\share\vm\prims\jvm.cpp, line 1248]
Event: 31.412 Thread 0x0000000002108000 Exception <a 'java/security/PrivilegedActionException'> (0x00000000e825ce58) thrown at [D:\re\workspace\8-2-build-windows-amd64-cygwin\jdk8u5\2488\hotspot\src\share\vm\prims\jvm.cpp, line 1248]
Event: 31.413 Thread 0x0000000002108000 Exception <a 'java/security/PrivilegedActionException'> (0x00000000e825e7f0) thrown at [D:\re\workspace\8-2-build-windows-amd64-cygwin\jdk8u5\2488\hotspot\src\share\vm\prims\jvm.cpp, line 1248]
Event: 31.413 Thread 0x0000000002108000 Exception <a 'java/security/PrivilegedActionException'> (0x00000000e825f0e8) thrown at [D:\re\workspace\8-2-build-windows-amd64-cygwin\jdk8u5\2488\hotspot\src\share\vm\prims\jvm.cpp, line 1248]
Event: 31.414 Thread 0x0000000002108000 Exception <a 'java/security/PrivilegedActionException'> (0x00000000e8266a98) thrown at [D:\re\workspace\8-2-build-windows-amd64-cygwin\jdk8u5\2488\hotspot\src\share\vm\prims\jvm.cpp, line 1248]
Event: 31.414 Thread 0x0000000002108000 Exception <a 'java/security/PrivilegedActionException'> (0x00000000e8267610) thrown at [D:\re\workspace\8-2-build-windows-amd64-cygwin\jdk8u5\2488\hotspot\src\share\vm\prims\jvm.cpp, line 1248]
Event: 31.414 Thread 0x0000000002108000 Exception <a 'java/security/PrivilegedActionException'> (0x00000000e82693e8) thrown at [D:\re\workspace\8-2-build-windows-amd64-cygwin\jdk8u5\2488\hotspot\src\share\vm\prims\jvm.cpp, line 1248]
Event: 31.414 Thread 0x0000000002108000 Exception <a 'java/security/PrivilegedActionException'> (0x00000000e8269ca0) thrown at [D:\re\workspace\8-2-build-windows-amd64-cygwin\jdk8u5\2488\hotspot\src\share\vm\prims\jvm.cpp, line 1248]
Event: 31.414 Thread 0x0000000002108000 Exception <a 'java/security/PrivilegedActionException'> (0x00000000e826a598) thrown at [D:\re\workspace\8-2-build-windows-amd64-cygwin\jdk8u5\2488\hotspot\src\share\vm\prims\jvm.cpp, line 1248]

Events (10 events):
Event: 31.412 loading class org/apache/maven/plugin/surefire/Include done
Event: 31.413 loading class org/apache/maven/plugin/surefire/Include
Event: 31.413 loading class org/apache/maven/plugin/surefire/Include done
Event: 31.413 loading class org/apache/maven/plugin/surefire/Include
Event: 31.413 loading class org/apache/maven/plugin/surefire/Include done
Event: 31.413 loading class org/apache/maven/plugin/surefire/Include
Event: 31.413 loading class org/apache/maven/plugin/surefire/Include done
Event: 31.414 loading class org/apache/maven/plugin/surefire/Include
Event: 31.414 loading class org/apache/maven/plugin/surefire/Include done
Event: 31.476 Executing VM operation: ParallelGCSystemGC


Dynamic libraries:
0x000000013fd00000 - 0x000000013fd34000 	C:\Program Files\Java\jdk1.8.0_05\bin\javaw.exe
0x0000000076d60000 - 0x0000000076f0c000 	C:\Windows\SYSTEM32\ntdll.dll
0x0000000076680000 - 0x000000007679f000 	C:\Windows\system32\kernel32.dll
0x000007fefd530000 - 0x000007fefd59c000 	C:\Windows\system32\KERNELBASE.dll
0x000007fefeed0000 - 0x000007fefefab000 	C:\Windows\system32\ADVAPI32.dll
0x000007fefead0000 - 0x000007fefeb6f000 	C:\Windows\system32\msvcrt.dll
0x000007fefd5a0000 - 0x000007fefd5bf000 	C:\Windows\SYSTEM32\sechost.dll
0x000007fefe800000 - 0x000007fefe92e000 	C:\Windows\system32\RPCRT4.dll
0x0000000076c60000 - 0x0000000076d5a000 	C:\Windows\system32\USER32.dll
0x000007fefd5c0000 - 0x000007fefd627000 	C:\Windows\system32\GDI32.dll
0x000007feff060000 - 0x000007feff06e000 	C:\Windows\system32\LPK.dll
0x000007fefec00000 - 0x000007fefecca000 	C:\Windows\system32\USP10.dll
0x000007fefbc80000 - 0x000007fefbe74000 	C:\Windows\WinSxS\amd64_microsoft.windows.common-controls_6595b64144ccf1df_6.0.7600.16661_none_fa62ad231704eab7\COMCTL32.dll
0x000007fefeb80000 - 0x000007fefebf1000 	C:\Windows\system32\SHLWAPI.dll
0x000007feff030000 - 0x000007feff05e000 	C:\Windows\system32\IMM32.DLL
0x000007fefecd0000 - 0x000007fefedd9000 	C:\Windows\system32\MSCTF.dll
0x0000000065e30000 - 0x0000000065f02000 	C:\Program Files\Java\jdk1.8.0_05\jre\bin\msvcr100.dll
0x0000000063420000 - 0x0000000063c4a000 	C:\Program Files\Java\jdk1.8.0_05\jre\bin\server\jvm.dll
0x000007fefad20000 - 0x000007fefad29000 	C:\Windows\system32\WSOCK32.dll
0x000007fefd810000 - 0x000007fefd85d000 	C:\Windows\system32\WS2_32.dll
0x000007fefeb70000 - 0x000007fefeb78000 	C:\Windows\system32\NSI.dll
0x000007fefb2f0000 - 0x000007fefb32b000 	C:\Windows\system32\WINMM.dll
0x0000000076f20000 - 0x0000000076f27000 	C:\Windows\system32\PSAPI.DLL
0x0000000074520000 - 0x000000007452f000 	C:\Program Files\Java\jdk1.8.0_05\jre\bin\verify.dll
0x00000000744f0000 - 0x0000000074518000 	C:\Program Files\Java\jdk1.8.0_05\jre\bin\java.dll
0x00000000744d0000 - 0x00000000744e6000 	C:\Program Files\Java\jdk1.8.0_05\jre\bin\zip.dll
0x000007fefd860000 - 0x000007fefe5e6000 	C:\Windows\system32\SHELL32.dll
0x000007fefe5f0000 - 0x000007fefe7f2000 	C:\Windows\system32\ole32.dll
0x000007fefd1d0000 - 0x000007fefd1df000 	C:\Windows\system32\profapi.dll
0x00000000744b0000 - 0x00000000744ca000 	C:\Program Files\Java\jdk1.8.0_05\jre\bin\net.dll
0x000007fefca40000 - 0x000007fefca94000 	C:\Windows\system32\mswsock.dll
0x000007fefca30000 - 0x000007fefca37000 	C:\Windows\System32\wship6.dll
0x0000000074490000 - 0x00000000744a1000 	C:\Program Files\Java\jdk1.8.0_05\jre\bin\nio.dll
0x000007feef8c0000 - 0x000007feef9e5000 	C:\Windows\system32\dbghelp.dll

VM Arguments:
jvm_args: -Dmaven.home=EMBEDDED -Dclassworlds.conf=D:\box\eclipse_workspace\.metadata\.plugins\org.eclipse.m2e.launching\launches\m2conf5801311276836921488.tmp -Dmaven.multiModuleProjectDirectory=D:\box\remote_projects_01\mega-scrum\scrum-board -Dfile.encoding=Cp1252 
java_command: org.codehaus.plexus.classworlds.launcher.Launcher -B -Dmaven.test.skip=true -DskipTests -s C:\Users\PIYUSH THAKKAR\.m2\settings.xml clean install
java_class_path (initial): /D:/box/eclipse/eclipse-jee-mars-1-win32-x86_64/eclipse/plugins/org.eclipse.m2e.maven.runtime_1.7.0.20160603-1931/jars/plexus-classworlds-2.5.2.jar
Launcher Type: SUN_STANDARD

Environment Variables:
JAVA_HOME=C:\Program Files\Java\jdk1.8.0_05
JRE_HOME=C:\Program Files\Java\jre8
CLASSPATH=C:\Program Files\Java\jdk1.8.0_05\lib;D:\java\struts-2.3.16.3\lib;D:\box\log4j2\commons-logging-1.2-bin\commons-logging-1.2;D:\software repository\spring\spring-framework-4.2.4.RELEASE-dist\spring-framework-4.2.4.RELEASE\libs;D:\box\junit\junit4\junit-4.10.jar
PATH=D:\app\PIYUSH_THAKKAR\product\11.2.0\dbhome_1\bin;C:\Windows\system32;C:\Windows;C:\Windows\System32\Wbem;C:\Windows\System32\WindowsPowerShell\v1.0\;C:\Program Files\Lenovo\Bluetooth Software\;C:\Program Files\Lenovo\Bluetooth Software\syswow64;C:\Windows\System32;C:\Windows;C:\Program Files\Java\jdk1.8.0_05\bin;C:\Program Files\Java\jre8\bin;C:\Program Files\nodejs\;D:\box\log4j2\commons-logging-1.2-bin\commons-logging-1.2;D:\box\log4j2\commons-logging-1.2-bin\commons-logging-1.2\log4j.properties;D:\box\maven\apache-maven-3.3.9-bin\apache-maven-3.3.9\bin;C:\Program Files (x86)\Brackets\command;C:\Program Files (x86)\Skype\Phone\;C:\Users\PIYUSH THAKKAR\AppData\Roaming\npm;C:\Program Files\Git\cmd;D:\install\Docker Toolbox
USERNAME=PIYUSH THAKKAR
OS=Windows_NT
PROCESSOR_IDENTIFIER=Intel64 Family 6 Model 42 Stepping 7, GenuineIntel



---------------  S Y S T E M  ---------------

OS: Windows 7 , 64 bit Build 7600 

CPU:total 4 (2 cores per cpu, 2 threads per core) family 6 model 42 stepping 7, cmov, cx8, fxsr, mmx, sse, sse2, sse3, ssse3, sse4.1, sse4.2, popcnt, clmul, ht, tsc, tscinvbit

Memory: 4k page, physical 6233968k(2436600k free), swap 12466036k(7770924k free)

vm_info: Java HotSpot(TM) 64-Bit Server VM (25.5-b02) for windows-amd64 JRE (1.8.0_05-b13), built on Mar 18 2014 01:08:39 by "java_re" with MS VC++ 10.0 (VS2010)

time: Sun Apr 16 15:57:19 2017
elapsed time: 31 seconds

